<?xml version="1.0" encoding="UTF-8"?>
<testng-results ignored="0" total="1" passed="1" failed="0" skipped="0">
  <reporter-output>
  </reporter-output>
  <suite started-at="2022-03-21T08:04:14 IST" name="Default suite" finished-at="2022-03-21T08:04:35 IST" duration-ms="20286">
    <groups>
    </groups>
    <test started-at="2022-03-21T08:04:14 IST" name="Default test" finished-at="2022-03-21T08:04:35 IST" duration-ms="20286">
      <class name="fetchingData.FetchingPriceTitle">
        <test-method signature="appleSearch()[pri:0, instance:fetchingData.FetchingPriceTitle@3911c2a7]" started-at="2022-03-21T08:04:14 IST" name="appleSearch" finished-at="2022-03-21T08:04:35 IST" duration-ms="20165" status="PASS">
          <reporter-output>
          </reporter-output>
        </test-method> <!-- appleSearch -->
      </class> <!-- fetchingData.FetchingPriceTitle -->
    </test> <!-- Default test -->
  </suite> <!-- Default suite -->
</testng-results>
